<?xml version="1.0" encoding="UTF-8"?>
<!-- Generated by org.testng.reporters.JUnitXMLReporter -->
<testsuite hostname="LAPTOP-5HL5FKOC" ignored="0" name="Test" tests="1" failures="0" timestamp="2020-02-22T15:54:30 IST" time="0.062" errors="0">
  <testcase name="@BeforeSuite Driverinfo" time="-1.582367070271E9" classname="demopr.Driver">
    <failure type="org.testng.TestNGException" message="
Parameter &amp;apos;ChromeBrowser&amp;apos; is required by BeforeSuite on method Driverinfo but has not been marked @Optional or defined
in C:\Users\user\eclipse-workspace\pro\testng.xml">
      <![CDATA[org.testng.TestNGException: 
Parameter 'ChromeBrowser' is required by BeforeSuite on method Driverinfo but has not been marked @Optional or defined
in C:\Users\user\eclipse-workspace\pro\testng.xml
... Removed 16 stack frames]]>
    </failure>
  </testcase> <!-- @BeforeSuite Driverinfo -->
  <testcase name="@BeforeTest fgpassword" time="-1.582367070302E9" classname="demopr.loginte">
    <skipped/>
  </testcase> <!-- @BeforeTest fgpassword -->
  <testcase name="@AfterTest login" time="-1.582367070353E9" classname="demopr.loginte">
    <skipped/>
  </testcase> <!-- @AfterTest login -->
  <testcase name="CheckTitle" time="0.0" classname="demopr.loginte">
    <skipped/>
  </testcase> <!-- CheckTitle -->
</testsuite> <!-- Test -->
